[debug] [2018-12-01T17:38:22.902Z] ----------------------------------------------------------------------
[debug] [2018-12-01T17:38:22.904Z] Command:       /usr/local/bin/node /usr/local/bin/firebase deploy
[debug] [2018-12-01T17:38:22.904Z] CLI Version:   6.1.1
[debug] [2018-12-01T17:38:22.904Z] Platform:      darwin
[debug] [2018-12-01T17:38:22.904Z] Node Version:  v10.14.0
[debug] [2018-12-01T17:38:22.905Z] Time:          Sun Dec 02 2018 01:38:22 GMT+0800 (China Standard Time)
[debug] [2018-12-01T17:38:22.905Z] ----------------------------------------------------------------------
[debug] 
[debug] [2018-12-01T17:38:22.915Z] > command requires scopes: ["email","openid","https://www.googleapis.com/auth/cloudplatformprojects.readonly","https://www.googleapis.com/auth/firebase","https://www.googleapis.com/auth/cloud-platform"]
[debug] [2018-12-01T17:38:22.916Z] > authorizing via signed-in user
[debug] [2018-12-01T17:38:22.916Z] [iam] checking project miu-nottingham for permissions ["firebase.projects.get","firebasehosting.sites.update"]
[debug] [2018-12-01T17:38:22.917Z] > refreshing access token with scopes: ["email","https://www.googleapis.com/auth/cloud-platform","https://www.googleapis.com/auth/cloudplatformprojects.readonly","https://www.googleapis.com/auth/firebase","openid"]
[debug] [2018-12-01T17:38:22.917Z] >>> HTTP REQUEST POST https://www.googleapis.com/oauth2/v3/token  
 <request body omitted>
[debug] [2018-12-01T17:40:12.446Z] ----------------------------------------------------------------------
[debug] [2018-12-01T17:40:12.448Z] Command:       /usr/local/bin/node /usr/local/bin/firebase deploy
[debug] [2018-12-01T17:40:12.449Z] CLI Version:   6.1.1
[debug] [2018-12-01T17:40:12.449Z] Platform:      darwin
[debug] [2018-12-01T17:40:12.449Z] Node Version:  v10.14.0
[debug] [2018-12-01T17:40:12.450Z] Time:          Sun Dec 02 2018 01:40:12 GMT+0800 (China Standard Time)
[debug] [2018-12-01T17:40:12.450Z] ----------------------------------------------------------------------
[debug] 
[debug] [2018-12-01T17:40:12.462Z] > command requires scopes: ["email","openid","https://www.googleapis.com/auth/cloudplatformprojects.readonly","https://www.googleapis.com/auth/firebase","https://www.googleapis.com/auth/cloud-platform"]
[debug] [2018-12-01T17:40:12.462Z] > authorizing via signed-in user
[debug] [2018-12-01T17:40:12.463Z] [iam] checking project miu-nottingham for permissions ["firebase.projects.get","firebasehosting.sites.update"]
[debug] [2018-12-01T17:40:12.464Z] > refreshing access token with scopes: ["email","https://www.googleapis.com/auth/cloud-platform","https://www.googleapis.com/auth/cloudplatformprojects.readonly","https://www.googleapis.com/auth/firebase","openid"]
[debug] [2018-12-01T17:40:12.464Z] >>> HTTP REQUEST POST https://www.googleapis.com/oauth2/v3/token  
 <request body omitted>
[debug] [2018-12-01T17:40:14.483Z] <<< HTTP RESPONSE 200
[debug] [2018-12-01T17:40:14.493Z] >>> HTTP REQUEST POST https://cloudresourcemanager.googleapis.com/v1/projects/miu-nottingham:testIamPermissions  

[debug] [2018-12-01T17:40:17.422Z] <<< HTTP RESPONSE 200
[debug] [2018-12-01T17:40:17.423Z] >>> HTTP REQUEST GET https://firebase.googleapis.com/v1beta1/projects/miu-nottingham  
 
[debug] [2018-12-01T17:40:19.733Z] <<< HTTP RESPONSE 200
[info] 
[info] === Deploying to 'miu-nottingham'...
[info] 
[info] i  deploying hosting
[debug] [2018-12-01T17:40:19.736Z] >>> HTTP REQUEST POST https://firebasehosting.googleapis.com/v1beta1/sites/miu-nottingham/versions  

[debug] [2018-12-01T17:40:23.802Z] <<< HTTP RESPONSE 200
[info] i  hosting[miu-nottingham]: beginning deploy...
[info] i  hosting[miu-nottingham]: found 27 files in build
[debug] [2018-12-01T17:40:23.818Z] [hosting] hash cache [YnVpbGQ] load error: lines is not defined
[debug] [2018-12-01T17:40:24.577Z] [hosting] hash cache [YnVpbGQ] stored for 27 files
[debug] [2018-12-01T17:40:24.578Z] [hosting][hash queue][FINAL]
[debug] [2018-12-01T17:40:24.578Z] >>> HTTP REQUEST POST https://firebasehosting.googleapis.com/v1beta1/sites/miu-nottingham/versions/0b4982d1bf59a008:populateFiles  
 <request body omitted>
[debug] [2018-12-01T17:40:28.029Z] <<< HTTP RESPONSE 200
[debug] [2018-12-01T17:40:28.038Z] [hosting][populate queue][FINAL]
[debug] [2018-12-01T17:40:28.038Z] [hosting] uploads queued: 14
[debug] [2018-12-01T17:51:20.183Z] ----------------------------------------------------------------------
[debug] [2018-12-01T17:51:20.185Z] Command:       /usr/local/bin/node /usr/local/bin/firebase deploy
[debug] [2018-12-01T17:51:20.186Z] CLI Version:   6.1.1
[debug] [2018-12-01T17:51:20.186Z] Platform:      darwin
[debug] [2018-12-01T17:51:20.186Z] Node Version:  v10.14.0
[debug] [2018-12-01T17:51:20.187Z] Time:          Sun Dec 02 2018 01:51:20 GMT+0800 (China Standard Time)
[debug] [2018-12-01T17:51:20.187Z] ----------------------------------------------------------------------
[debug] 
[debug] [2018-12-01T17:51:20.201Z] > command requires scopes: ["email","openid","https://www.googleapis.com/auth/cloudplatformprojects.readonly","https://www.googleapis.com/auth/firebase","https://www.googleapis.com/auth/cloud-platform"]
[debug] [2018-12-01T17:51:20.201Z] > authorizing via signed-in user
[debug] [2018-12-01T17:51:20.201Z] [iam] checking project miu-nottingham for permissions ["firebase.projects.get","firebasehosting.sites.update"]
[debug] [2018-12-01T17:51:20.203Z] >>> HTTP REQUEST POST https://cloudresourcemanager.googleapis.com/v1/projects/miu-nottingham:testIamPermissions  

[debug] [2018-12-01T17:51:23.303Z] <<< HTTP RESPONSE 200
[debug] [2018-12-01T17:51:23.305Z] >>> HTTP REQUEST GET https://firebase.googleapis.com/v1beta1/projects/miu-nottingham  
 
[debug] [2018-12-01T17:51:25.063Z] <<< HTTP RESPONSE 200
[info] 
[info] === Deploying to 'miu-nottingham'...
[info] 
[info] i  deploying hosting
[debug] [2018-12-01T17:51:25.068Z] >>> HTTP REQUEST POST https://firebasehosting.googleapis.com/v1beta1/sites/miu-nottingham/versions  

[debug] [2018-12-01T17:51:28.436Z] <<< HTTP RESPONSE 200
[info] i  hosting[miu-nottingham]: beginning deploy...
[info] i  hosting[miu-nottingham]: found 27 files in build
[debug] [2018-12-01T17:51:28.453Z] [hosting] hash cache [YnVpbGQ] load error: lines is not defined
[debug] [2018-12-01T17:51:29.221Z] [hosting] hash cache [YnVpbGQ] stored for 27 files
[debug] [2018-12-01T17:51:29.221Z] [hosting][hash queue][FINAL]
[debug] [2018-12-01T17:51:29.222Z] >>> HTTP REQUEST POST https://firebasehosting.googleapis.com/v1beta1/sites/miu-nottingham/versions/41413694fba0cd3a:populateFiles  
 <request body omitted>
[debug] [2018-12-01T17:51:32.264Z] <<< HTTP RESPONSE 200
[debug] [2018-12-01T17:51:32.269Z] [hosting][populate queue][FINAL]
[debug] [2018-12-01T17:51:32.269Z] [hosting] uploads queued: 10
[debug] [2018-12-01T18:00:39.836Z] ----------------------------------------------------------------------
[debug] [2018-12-01T18:00:39.837Z] Command:       /usr/local/bin/node /usr/local/bin/firebase deploy
[debug] [2018-12-01T18:00:39.838Z] CLI Version:   6.1.1
[debug] [2018-12-01T18:00:39.838Z] Platform:      darwin
[debug] [2018-12-01T18:00:39.838Z] Node Version:  v10.14.0
[debug] [2018-12-01T18:00:39.839Z] Time:          Sun Dec 02 2018 02:00:39 GMT+0800 (China Standard Time)
[debug] [2018-12-01T18:00:39.839Z] ----------------------------------------------------------------------
[debug] 
[debug] [2018-12-01T18:00:39.852Z] > command requires scopes: ["email","openid","https://www.googleapis.com/auth/cloudplatformprojects.readonly","https://www.googleapis.com/auth/firebase","https://www.googleapis.com/auth/cloud-platform"]
[debug] [2018-12-01T18:00:39.852Z] > authorizing via signed-in user
[debug] [2018-12-01T18:00:39.852Z] [iam] checking project miu-nottingham for permissions ["firebase.projects.get","firebasehosting.sites.update"]
[debug] [2018-12-01T18:00:39.854Z] >>> HTTP REQUEST POST https://cloudresourcemanager.googleapis.com/v1/projects/miu-nottingham:testIamPermissions  

[debug] [2018-12-01T18:00:42.914Z] <<< HTTP RESPONSE 200
[debug] [2018-12-01T18:00:42.915Z] >>> HTTP REQUEST GET https://firebase.googleapis.com/v1beta1/projects/miu-nottingham  
 
[debug] [2018-12-01T18:00:44.739Z] <<< HTTP RESPONSE 200
[info] 
[info] === Deploying to 'miu-nottingham'...
[info] 
[info] i  deploying hosting
[debug] [2018-12-01T18:00:44.744Z] >>> HTTP REQUEST POST https://firebasehosting.googleapis.com/v1beta1/sites/miu-nottingham/versions  

[debug] [2018-12-01T18:00:48.123Z] <<< HTTP RESPONSE 200
[info] i  hosting[miu-nottingham]: beginning deploy...
[info] i  hosting[miu-nottingham]: found 27 files in build
[debug] [2018-12-01T18:00:48.139Z] [hosting] hash cache [YnVpbGQ] load error: lines is not defined
[debug] [2018-12-01T18:00:48.909Z] [hosting] hash cache [YnVpbGQ] stored for 27 files
[debug] [2018-12-01T18:00:48.909Z] [hosting][hash queue][FINAL]
[debug] [2018-12-01T18:00:48.909Z] >>> HTTP REQUEST POST https://firebasehosting.googleapis.com/v1beta1/sites/miu-nottingham/versions/cd5c5288fb39e205:populateFiles  
 <request body omitted>
[debug] [2018-12-01T18:00:52.440Z] <<< HTTP RESPONSE 200
[debug] [2018-12-01T18:00:52.443Z] [hosting][populate queue][FINAL]
[debug] [2018-12-01T18:00:52.443Z] [hosting] uploads queued: 2
